# JRE version: Java(TM) SE Runtime Environment (22.0.1+8) (build 22.0.1+8-16)
# Java VM: Java HotSpot(TM) 64-Bit Server VM (22.0.1+8-16, mixed mode, sharing, tiered, compressed oops, compressed class ptrs, g1 gc, windows-amd64)
GC Precious Log:
 CardTable entry size: 512
 Card Set container configuration: InlinePtr #cards 4 size 8 Array Of Cards #cards 16 size 48 Howl #buckets 8 coarsen threshold 3686 Howl Bitmap #cards 512 size 80 coarsen threshold 460 Card regions per heap region 1 cards per card region 4096
 CPUs: 8 total, 8 available
 Memory: 15984M
 Large Page Support: Disabled
 NUMA Support: Disabled
 Compressed Oops: Enabled (Zero based)
 Heap Region Size: 2M
 Heap Min Capacity: 8M
 Heap Initial Capacity: 250M
 Heap Max Capacity: 3998M
 Pre-touch: Disabled
 Parallel Workers: 8
 Concurrent Workers: 2
 Concurrent Refinement Workers: 8
 Periodic GC: Disabled
Heap:
 garbage-first heap   total reserved 4093952K, committed 153600K, used 110921K [0x0000000706200000, 0x0000000800000000)
  region size 2048K, 30 young (61440K), 3 survivors (6144K)
 Metaspace       used 46746K, committed 47360K, reserved 1114112K
  class space    used 5616K, committed 5888K, reserved 1048576K
GC Heap History (20 events):
Event: 3.211 GC heap before
{Heap before GC invocations=2 (full 0):
 garbage-first heap   total reserved 4093952K, committed 256000K, used 46037K [0x0000000706200000, 0x0000000800000000)
  region size 2048K, 20 young (40960K), 2 survivors (4096K)
 Metaspace       used 21119K, committed 21504K, reserved 1114112K
  class space    used 2439K, committed 2624K, reserved 1048576K
}
Event: 3.228 GC heap after
{Heap after GC invocations=3 (full 0):
 garbage-first heap   total reserved 4093952K, committed 256000K, used 12781K [0x0000000706200000, 0x0000000800000000)
  region size 2048K, 3 young (6144K), 3 survivors (6144K)
 Metaspace       used 21119K, committed 21504K, reserved 1114112K
  class space    used 2439K, committed 2624K, reserved 1048576K
}
Event: 3.581 GC heap before
{Heap before GC invocations=4 (full 0):
 garbage-first heap   total reserved 4093952K, committed 49152K, used 35309K [0x0000000706200000, 0x0000000800000000)
  region size 2048K, 14 young (28672K), 3 survivors (6144K)
 Metaspace       used 23845K, committed 24256K, reserved 1114112K
  class space    used 2809K, committed 3008K, reserved 1048576K
}
Event: 3.591 GC heap after
{Heap after GC invocations=5 (full 0):
 garbage-first heap   total reserved 4093952K, committed 49152K, used 13604K [0x0000000706200000, 0x0000000800000000)
  region size 2048K, 2 young (4096K), 2 survivors (4096K)
 Metaspace       used 23845K, committed 24256K, reserved 1114112K
  class space    used 2809K, committed 3008K, reserved 1048576K
}
Event: 3.612 GC heap before
{Heap before GC invocations=5 (full 0):
 garbage-first heap   total reserved 4093952K, committed 49152K, used 34084K [0x0000000706200000, 0x0000000800000000)
  region size 2048K, 12 young (24576K), 2 survivors (4096K)
 Metaspace       used 23845K, committed 24256K, reserved 1114112K
  class space    used 2809K, committed 3008K, reserved 1048576K
}
Event: 3.616 GC heap after
{Heap after GC invocations=6 (full 0):
 garbage-first heap   total reserved 4093952K, committed 49152K, used 14118K [0x0000000706200000, 0x0000000800000000)
  region size 2048K, 1 young (2048K), 1 survivors (2048K)
 Metaspace       used 23845K, committed 24256K, reserved 1114112K
  class space    used 2809K, committed 3008K, reserved 1048576K
}
Event: 3.938 GC heap before
{Heap before GC invocations=6 (full 0):
 garbage-first heap   total reserved 4093952K, committed 49152K, used 36646K [0x0000000706200000, 0x0000000800000000)
  region size 2048K, 12 young (24576K), 1 survivors (2048K)
 Metaspace       used 26231K, committed 26688K, reserved 1114112K
  class space    used 3131K, committed 3328K, reserved 1048576K
}
Event: 3.941 GC heap after
{Heap after GC invocations=7 (full 0):
 garbage-first heap   total reserved 4093952K, committed 49152K, used 15147K [0x0000000706200000, 0x0000000800000000)
  region size 2048K, 2 young (4096K), 2 survivors (4096K)
 Metaspace       used 26231K, committed 26688K, reserved 1114112K
  class space    used 3131K, committed 3328K, reserved 1048576K
}
Event: 4.644 GC heap before
{Heap before GC invocations=7 (full 0):
 garbage-first heap   total reserved 4093952K, committed 49152K, used 37675K [0x0000000706200000, 0x0000000800000000)
  region size 2048K, 13 young (26624K), 2 survivors (4096K)
 Metaspace       used 31510K, committed 31936K, reserved 1114112K
  class space    used 3762K, committed 3968K, reserved 1048576K
}
Event: 4.649 GC heap after
{Heap after GC invocations=8 (full 0):
 garbage-first heap   total reserved 4093952K, committed 49152K, used 17881K [0x0000000706200000, 0x0000000800000000)
  region size 2048K, 2 young (4096K), 2 survivors (4096K)
 Metaspace       used 31510K, committed 31936K, reserved 1114112K
  class space    used 3762K, committed 3968K, reserved 1048576K
}
Event: 5.217 GC heap before
{Heap before GC invocations=8 (full 0):
 garbage-first heap   total reserved 4093952K, committed 49152K, used 26073K [0x0000000706200000, 0x0000000800000000)
  region size 2048K, 7 young (14336K), 2 survivors (4096K)
 Metaspace       used 35620K, committed 35968K, reserved 1114112K
  class space    used 4268K, committed 4416K, reserved 1048576K
}
Event: 5.222 GC heap after
{Heap after GC invocations=9 (full 0):
 garbage-first heap   total reserved 4093952K, committed 49152K, used 19271K [0x0000000706200000, 0x0000000800000000)
  region size 2048K, 2 young (4096K), 2 survivors (4096K)
 Metaspace       used 35620K, committed 35968K, reserved 1114112K
  class space    used 4268K, committed 4416K, reserved 1048576K
}
Event: 6.461 GC heap before
{Heap before GC invocations=10 (full 0):
 garbage-first heap   total reserved 4093952K, committed 49152K, used 23367K [0x0000000706200000, 0x0000000800000000)
  region size 2048K, 4 young (8192K), 2 survivors (4096K)
 Metaspace       used 36971K, committed 37440K, reserved 1114112K
  class space    used 4443K, committed 4672K, reserved 1048576K
}
Event: 6.464 GC heap after
{Heap after GC invocations=11 (full 0):
 garbage-first heap   total reserved 4093952K, committed 153600K, used 21346K [0x0000000706200000, 0x0000000800000000)
  region size 2048K, 2 young (4096K), 2 survivors (4096K)
 Metaspace       used 36971K, committed 37440K, reserved 1114112K
  class space    used 4443K, committed 4672K, reserved 1048576K
}
Event: 59.738 GC heap before
{Heap before GC invocations=11 (full 0):
 garbage-first heap   total reserved 4093952K, committed 153600K, used 111458K [0x0000000706200000, 0x0000000800000000)
  region size 2048K, 25 young (51200K), 2 survivors (4096K)
 Metaspace       used 43870K, committed 44416K, reserved 1114112K
  class space    used 5440K, committed 5696K, reserved 1048576K
}
Event: 59.744 GC heap after
{Heap after GC invocations=12 (full 0):
 garbage-first heap   total reserved 4093952K, committed 153600K, used 25865K [0x0000000706200000, 0x0000000800000000)
  region size 2048K, 3 young (6144K), 3 survivors (6144K)
 Metaspace       used 43870K, committed 44416K, reserved 1114112K
  class space    used 5440K, committed 5696K, reserved 1048576K
}
Event: 117.726 GC heap before
{Heap before GC invocations=12 (full 0):
 garbage-first heap   total reserved 4093952K, committed 153600K, used 126217K [0x0000000706200000, 0x0000000800000000)
  region size 2048K, 30 young (61440K), 3 survivors (6144K)
 Metaspace       used 44929K, committed 45440K, reserved 1114112K
  class space    used 5479K, committed 5696K, reserved 1048576K
}
Event: 117.743 GC heap after
{Heap after GC invocations=13 (full 0):
 garbage-first heap   total reserved 4093952K, committed 153600K, used 28343K [0x0000000706200000, 0x0000000800000000)
  region size 2048K, 3 young (6144K), 3 survivors (6144K)
 Metaspace       used 44929K, committed 45440K, reserved 1114112K
  class space    used 5479K, committed 5696K, reserved 1048576K
}
Event: 132.211 GC heap before
{Heap before GC invocations=13 (full 0):
 garbage-first heap   total reserved 4093952K, committed 153600K, used 100023K [0x0000000706200000, 0x0000000800000000)
  region size 2048K, 19 young (38912K), 3 survivors (6144K)
 Metaspace       used 45839K, committed 46464K, reserved 1114112K
  class space    used 5557K, committed 5824K, reserved 1048576K
}
Event: 132.218 GC heap after
{Heap after GC invocations=14 (full 0):
 garbage-first heap   total reserved 4093952K, committed 153600K, used 29001K [0x0000000706200000, 0x0000000800000000)
  region size 2048K, 3 young (6144K), 3 survivors (6144K)
 Metaspace       used 45839K, committed 46464K, reserved 1114112K
  class space    used 5557K, committed 5824K, reserved 1048576K
}

