<?xml version="1.0" encoding="UTF-8"?>
<!-- Generated by org.testng.reporters.JUnitXMLReporter -->
<testsuite ignored="6" hostname="Thilan" failures="0" tests="10" name="Testfirefox" time="73.464" errors="0" timestamp="2026-09-02T20:06:57 IST">
  <testcase classname="com.swaglabtest.testcases.MainPageLoginTest" name="UserLogingWithCredentials" time="0.006"/>
  <testcase classname="com.swaglabtest.testcases.NewPurchaseTest" name="newPurchasing" time="33.335"/>
  <testcase classname="com.swaglabtest.testcases.NewPurchaseTest" name="sortOrderAscending" time="0.178"/>
  <testcase classname="com.swaglabtest.testcases.NewPurchaseTest" name="sortOrderDescending" time="0.231"/>
  <testcase classname="com.swaglabtest.testcases.NewPurchaseTest" name="lowerToHighPriceListDown" time="0.232"/>
  <testcase classname="com.swaglabtest.testcases.NewPurchaseTest" name="highToLowerPriceListDown" time="0.232"/>
  <testcase classname="com.swaglabtest.testcases.BrokenLinkTest" name="brokenLinkTestLoginPage" time="1.36"/>
  <testcase classname="com.swaglabtest.testcases.BrokenLinkTest" name="brokenLinkTestPurchasePage" time="0.99"/>
  <testcase classname="com.swaglabtest.testcases.SeccurityTest" name="VerifyWithoutLogin" time="0.652"/>
  <testcase classname="com.swaglabtest.testcases.SeccurityTest" name="checkLogoutUser" time="0.575"/>
  <testcase classname="com.swaglabtest.pages.BaseClass" name="@BeforeSuite setupSuite" time="0.0">
    <ignored/>
  </testcase> <!-- @BeforeSuite setupSuite -->
  <testcase classname="com.swaglabtest.pages.BaseClass" name="@AfterSuite teardownSuite" time="0.0">
    <ignored/>
  </testcase> <!-- @AfterSuite teardownSuite -->
  <testcase classname="com.swaglabtest.pages.BaseClass" name="@BeforeSuite setupSuite" time="0.0">
    <ignored/>
  </testcase> <!-- @BeforeSuite setupSuite -->
  <testcase classname="com.swaglabtest.pages.BaseClass" name="@AfterSuite teardownSuite" time="0.0">
    <ignored/>
  </testcase> <!-- @AfterSuite teardownSuite -->
  <testcase classname="com.swaglabtest.pages.BaseClass" name="@AfterSuite teardownSuite" time="0.0">
    <ignored/>
  </testcase> <!-- @AfterSuite teardownSuite -->
  <testcase classname="com.swaglabtest.pages.BaseClass" name="@BeforeSuite setupSuite" time="0.0">
    <ignored/>
  </testcase> <!-- @BeforeSuite setupSuite -->
</testsuite> <!-- Testfirefox -->
