<?xml version="1.0" encoding="UTF-8"?>
<!-- Generated by org.testng.reporters.JUnitXMLReporter -->
<testsuite ignored="6" hostname="Thilan" failures="0" tests="10" name="Testchrome" time="92.296" errors="0" timestamp="2026-09-02T20:05:43 IST">
  <testcase classname="com.swaglabtest.testcases.MainPageLoginTest" name="UserLogingWithCredentials" time="0.074"/>
  <testcase classname="com.swaglabtest.testcases.NewPurchaseTest" name="newPurchasing" time="33.913"/>
  <testcase classname="com.swaglabtest.testcases.NewPurchaseTest" name="sortOrderAscending" time="0.217"/>
  <testcase classname="com.swaglabtest.testcases.NewPurchaseTest" name="sortOrderDescending" time="0.274"/>
  <testcase classname="com.swaglabtest.testcases.NewPurchaseTest" name="lowerToHighPriceListDown" time="0.287"/>
  <testcase classname="com.swaglabtest.testcases.NewPurchaseTest" name="highToLowerPriceListDown" time="0.268"/>
  <testcase classname="com.swaglabtest.testcases.BrokenLinkTest" name="brokenLinkTestLoginPage" time="1.804"/>
  <testcase classname="com.swaglabtest.testcases.BrokenLinkTest" name="brokenLinkTestPurchasePage" time="1.031"/>
  <testcase classname="com.swaglabtest.testcases.SeccurityTest" name="VerifyWithoutLogin" time="0.363"/>
  <testcase classname="com.swaglabtest.testcases.SeccurityTest" name="checkLogoutUser" time="0.541"/>
  <testcase classname="com.swaglabtest.pages.BaseClass" name="@AfterSuite teardownSuite" time="0.0">
    <ignored/>
  </testcase> <!-- @AfterSuite teardownSuite -->
  <testcase classname="com.swaglabtest.pages.BaseClass" name="@BeforeSuite setupSuite" time="0.0">
    <ignored/>
  </testcase> <!-- @BeforeSuite setupSuite -->
  <testcase classname="com.swaglabtest.pages.BaseClass" name="@AfterSuite teardownSuite" time="0.0">
    <ignored/>
  </testcase> <!-- @AfterSuite teardownSuite -->
  <testcase classname="com.swaglabtest.pages.BaseClass" name="@BeforeSuite setupSuite" time="0.0">
    <ignored/>
  </testcase> <!-- @BeforeSuite setupSuite -->
  <testcase classname="com.swaglabtest.pages.BaseClass" name="@BeforeSuite setupSuite" time="0.0">
    <ignored/>
  </testcase> <!-- @BeforeSuite setupSuite -->
  <testcase classname="com.swaglabtest.pages.BaseClass" name="@AfterSuite teardownSuite" time="0.0">
    <ignored/>
  </testcase> <!-- @AfterSuite teardownSuite -->
</testsuite> <!-- Testchrome -->
