<?xml version="1.0" encoding="UTF-8"?>
<testng-results ignored="0" total="20" passed="20" failed="0" skipped="0">
  <reporter-output>
  </reporter-output>
  <suite started-at="2026-09-02T20:04:11 IST" name="Suite" finished-at="2026-09-02T20:06:57 IST" duration-ms="165789">
    <groups>
    </groups>
    <test started-at="2026-09-02T20:04:11 IST" name="Testchrome" finished-at="2026-09-02T20:05:43 IST" duration-ms="92296">
      <class name="com.swaglabtest.testcases.NewPurchaseTest">
        <test-method is-config="true" signature="setupClass(java.lang.String)[pri:0, instance:com.swaglabtest.testcases.NewPurchaseTest@37d3d232]" started-at="2026-09-02T20:04:27 IST" name="setupClass" finished-at="2026-09-02T20:04:39 IST" duration-ms="11701" status="PASS">
          <params>
            <param index="0">
              <value>
                <![CDATA[chrome]]>
              </value>
            </param>
          </params>
          <reporter-output>
          </reporter-output>
        </test-method> <!-- setupClass -->
        <test-method is-config="true" signature="startTest(java.lang.reflect.Method)[pri:0, instance:com.swaglabtest.testcases.NewPurchaseTest@37d3d232]" started-at="2026-09-02T20:04:39 IST" name="startTest" finished-at="2026-09-02T20:04:39 IST" duration-ms="2" status="PASS">
          <params>
            <param index="0">
              <value>
                <![CDATA[public void com.swaglabtest.testcases.NewPurchaseTest.newPurchasing()]]>
              </value>
            </param>
          </params>
          <reporter-output>
          </reporter-output>
        </test-method> <!-- startTest -->
        <test-method is-config="true" signature="PageIninitialize(java.lang.reflect.Method)[pri:0, instance:com.swaglabtest.testcases.NewPurchaseTest@37d3d232]" started-at="2026-09-02T20:04:39 IST" name="PageIninitialize" finished-at="2026-09-02T20:04:39 IST" duration-ms="489" status="PASS">
          <params>
            <param index="0">
              <value>
                <![CDATA[public void com.swaglabtest.testcases.NewPurchaseTest.newPurchasing()]]>
              </value>
            </param>
          </params>
          <reporter-output>
          </reporter-output>
        </test-method> <!-- PageIninitialize -->
        <test-method signature="newPurchasing()[pri:1, instance:com.swaglabtest.testcases.NewPurchaseTest@37d3d232]" started-at="2026-09-02T20:04:39 IST" name="newPurchasing" finished-at="2026-09-02T20:05:13 IST" duration-ms="33913" status="PASS">
          <reporter-output>
          </reporter-output>
        </test-method> <!-- newPurchasing -->
        <test-method is-config="true" signature="tearDownMethod(org.testng.ITestResult)[pri:0, instance:com.swaglabtest.testcases.NewPurchaseTest@37d3d232]" started-at="2026-09-02T20:05:13 IST" name="tearDownMethod" finished-at="2026-09-02T20:05:13 IST" duration-ms="2" status="PASS">
          <params>
            <param index="0">
              <value>
                <![CDATA[[TestResult name=newPurchasing status=SUCCESS method=NewPurchaseTest.newPurchasing()[pri:1, instance:com.swaglabtest.testcases.NewPurchaseTest@37d3d232] output={null}]]]>
              </value>
            </param>
          </params>
          <reporter-output>
          </reporter-output>
        </test-method> <!-- tearDownMethod -->
        <test-method is-config="true" signature="startTest(java.lang.reflect.Method)[pri:0, instance:com.swaglabtest.testcases.NewPurchaseTest@37d3d232]" started-at="2026-09-02T20:05:13 IST" name="startTest" finished-at="2026-09-02T20:05:13 IST" duration-ms="2" status="PASS">
          <params>
            <param index="0">
              <value>
                <![CDATA[public void com.swaglabtest.testcases.NewPurchaseTest.sortOrderAscending()]]>
              </value>
            </param>
          </params>
          <reporter-output>
          </reporter-output>
        </test-method> <!-- startTest -->
        <test-method is-config="true" signature="PageIninitialize(java.lang.reflect.Method)[pri:0, instance:com.swaglabtest.testcases.NewPurchaseTest@37d3d232]" started-at="2026-09-02T20:05:13 IST" name="PageIninitialize" finished-at="2026-09-02T20:05:13 IST" duration-ms="3" status="PASS">
          <params>
            <param index="0">
              <value>
                <![CDATA[public void com.swaglabtest.testcases.NewPurchaseTest.sortOrderAscending()]]>
              </value>
            </param>
          </params>
          <reporter-output>
          </reporter-output>
        </test-method> <!-- PageIninitialize -->
        <test-method signature="sortOrderAscending()[pri:2, instance:com.swaglabtest.testcases.NewPurchaseTest@37d3d232]" started-at="2026-09-02T20:05:13 IST" name="sortOrderAscending" finished-at="2026-09-02T20:05:13 IST" duration-ms="217" status="PASS">
          <reporter-output>
          </reporter-output>
        </test-method> <!-- sortOrderAscending -->
        <test-method is-config="true" signature="tearDownMethod(org.testng.ITestResult)[pri:0, instance:com.swaglabtest.testcases.NewPurchaseTest@37d3d232]" started-at="2026-09-02T20:05:13 IST" name="tearDownMethod" finished-at="2026-09-02T20:05:13 IST" duration-ms="3" status="PASS">
          <params>
            <param index="0">
              <value>
                <![CDATA[[TestResult name=sortOrderAscending status=SUCCESS method=NewPurchaseTest.sortOrderAscending()[pri:2, instance:com.swaglabtest.testcases.NewPurchaseTest@37d3d232] output={null}]]]>
              </value>
            </param>
          </params>
          <reporter-output>
          </reporter-output>
        </test-method> <!-- tearDownMethod -->
        <test-method is-config="true" signature="startTest(java.lang.reflect.Method)[pri:0, instance:com.swaglabtest.testcases.NewPurchaseTest@37d3d232]" started-at="2026-09-02T20:05:13 IST" name="startTest" finished-at="2026-09-02T20:05:13 IST" duration-ms="2" status="PASS">
          <params>
            <param index="0">
              <value>
                <![CDATA[public void com.swaglabtest.testcases.NewPurchaseTest.sortOrderDescending()]]>
              </value>
            </param>
          </params>
          <reporter-output>
          </reporter-output>
        </test-method> <!-- startTest -->
        <test-method is-config="true" signature="PageIninitialize(java.lang.reflect.Method)[pri:0, instance:com.swaglabtest.testcases.NewPurchaseTest@37d3d232]" started-at="2026-09-02T20:05:13 IST" name="PageIninitialize" finished-at="2026-09-02T20:05:13 IST" duration-ms="2" status="PASS">
          <params>
            <param index="0">
              <value>
                <![CDATA[public void com.swaglabtest.testcases.NewPurchaseTest.sortOrderDescending()]]>
              </value>
            </param>
          </params>
          <reporter-output>
          </reporter-output>
        </test-method> <!-- PageIninitialize -->
        <test-method signature="sortOrderDescending()[pri:3, instance:com.swaglabtest.testcases.NewPurchaseTest@37d3d232]" started-at="2026-09-02T20:05:13 IST" name="sortOrderDescending" finished-at="2026-09-02T20:05:14 IST" duration-ms="274" status="PASS">
          <reporter-output>
          </reporter-output>
        </test-method> <!-- sortOrderDescending -->
        <test-method is-config="true" signature="tearDownMethod(org.testng.ITestResult)[pri:0, instance:com.swaglabtest.testcases.NewPurchaseTest@37d3d232]" started-at="2026-09-02T20:05:14 IST" name="tearDownMethod" finished-at="2026-09-02T20:05:14 IST" duration-ms="2" status="PASS">
          <params>
            <param index="0">
              <value>
                <![CDATA[[TestResult name=sortOrderDescending status=SUCCESS method=NewPurchaseTest.sortOrderDescending()[pri:3, instance:com.swaglabtest.testcases.NewPurchaseTest@37d3d232] output={null}]]]>
              </value>
            </param>
          </params>
          <reporter-output>
          </reporter-output>
        </test-method> <!-- tearDownMethod -->
        <test-method is-config="true" signature="startTest(java.lang.reflect.Method)[pri:0, instance:com.swaglabtest.testcases.NewPurchaseTest@37d3d232]" started-at="2026-09-02T20:05:14 IST" name="startTest" finished-at="2026-09-02T20:05:14 IST" duration-ms="3" status="PASS">
          <params>
            <param index="0">
              <value>
                <![CDATA[public void com.swaglabtest.testcases.NewPurchaseTest.lowerToHighPriceListDown()]]>
              </value>
            </param>
          </params>
          <reporter-output>
          </reporter-output>
        </test-method> <!-- startTest -->
        <test-method is-config="true" signature="PageIninitialize(java.lang.reflect.Method)[pri:0, instance:com.swaglabtest.testcases.NewPurchaseTest@37d3d232]" started-at="2026-09-02T20:05:14 IST" name="PageIninitialize" finished-at="2026-09-02T20:05:14 IST" duration-ms="1" status="PASS">
          <params>
            <param index="0">
              <value>
                <![CDATA[public void com.swaglabtest.testcases.NewPurchaseTest.lowerToHighPriceListDown()]]>
              </value>
            </param>
          </params>
          <reporter-output>
          </reporter-output>
        </test-method> <!-- PageIninitialize -->
        <test-method signature="lowerToHighPriceListDown()[pri:4, instance:com.swaglabtest.testcases.NewPurchaseTest@37d3d232]" started-at="2026-09-02T20:05:14 IST" name="lowerToHighPriceListDown" finished-at="2026-09-02T20:05:14 IST" duration-ms="287" status="PASS">
          <reporter-output>
          </reporter-output>
        </test-method> <!-- lowerToHighPriceListDown -->
        <test-method is-config="true" signature="tearDownMethod(org.testng.ITestResult)[pri:0, instance:com.swaglabtest.testcases.NewPurchaseTest@37d3d232]" started-at="2026-09-02T20:05:14 IST" name="tearDownMethod" finished-at="2026-09-02T20:05:14 IST" duration-ms="2" status="PASS">
          <params>
            <param index="0">
              <value>
                <![CDATA[[TestResult name=lowerToHighPriceListDown status=SUCCESS method=NewPurchaseTest.lowerToHighPriceListDown()[pri:4, instance:com.swaglabtest.testcases.NewPurchaseTest@37d3d232] output={null}]]]>
              </value>
            </param>
          </params>
          <reporter-output>
          </reporter-output>
        </test-method> <!-- tearDownMethod -->
        <test-method is-config="true" signature="startTest(java.lang.reflect.Method)[pri:0, instance:com.swaglabtest.testcases.NewPurchaseTest@37d3d232]" started-at="2026-09-02T20:05:14 IST" name="startTest" finished-at="2026-09-02T20:05:14 IST" duration-ms="1" status="PASS">
          <params>
            <param index="0">
              <value>
                <![CDATA[public void com.swaglabtest.testcases.NewPurchaseTest.highToLowerPriceListDown()]]>
              </value>
            </param>
          </params>
          <reporter-output>
          </reporter-output>
        </test-method> <!-- startTest -->
        <test-method is-config="true" signature="PageIninitialize(java.lang.reflect.Method)[pri:0, instance:com.swaglabtest.testcases.NewPurchaseTest@37d3d232]" started-at="2026-09-02T20:05:14 IST" name="PageIninitialize" finished-at="2026-09-02T20:05:14 IST" duration-ms="1" status="PASS">
          <params>
            <param index="0">
              <value>
                <![CDATA[public void com.swaglabtest.testcases.NewPurchaseTest.highToLowerPriceListDown()]]>
              </value>
            </param>
          </params>
          <reporter-output>
          </reporter-output>
        </test-method> <!-- PageIninitialize -->
        <test-method signature="highToLowerPriceListDown()[pri:5, instance:com.swaglabtest.testcases.NewPurchaseTest@37d3d232]" started-at="2026-09-02T20:05:14 IST" name="highToLowerPriceListDown" finished-at="2026-09-02T20:05:14 IST" duration-ms="268" status="PASS">
          <reporter-output>
          </reporter-output>
        </test-method> <!-- highToLowerPriceListDown -->
        <test-method is-config="true" signature="tearDownMethod(org.testng.ITestResult)[pri:0, instance:com.swaglabtest.testcases.NewPurchaseTest@37d3d232]" started-at="2026-09-02T20:05:14 IST" name="tearDownMethod" finished-at="2026-09-02T20:05:14 IST" duration-ms="3" status="PASS">
          <params>
            <param index="0">
              <value>
                <![CDATA[[TestResult name=highToLowerPriceListDown status=SUCCESS method=NewPurchaseTest.highToLowerPriceListDown()[pri:5, instance:com.swaglabtest.testcases.NewPurchaseTest@37d3d232] output={null}]]]>
              </value>
            </param>
          </params>
          <reporter-output>
          </reporter-output>
        </test-method> <!-- tearDownMethod -->
        <test-method is-config="true" signature="teardownClass()[pri:0, instance:com.swaglabtest.testcases.NewPurchaseTest@37d3d232]" started-at="2026-09-02T20:05:14 IST" name="teardownClass" finished-at="2026-09-02T20:05:15 IST" duration-ms="385" status="PASS">
          <reporter-output>
          </reporter-output>
        </test-method> <!-- teardownClass -->
      </class> <!-- com.swaglabtest.testcases.NewPurchaseTest -->
      <class name="com.swaglabtest.testcases.MainPageLoginTest">
        <test-method is-config="true" signature="setupClass(java.lang.String)[pri:0, instance:com.swaglabtest.testcases.MainPageLoginTest@32f61a31]" started-at="2026-09-02T20:04:11 IST" name="setupClass" finished-at="2026-09-02T20:04:26 IST" duration-ms="15645" status="PASS">
          <params>
            <param index="0">
              <value>
                <![CDATA[chrome]]>
              </value>
            </param>
          </params>
          <reporter-output>
          </reporter-output>
        </test-method> <!-- setupClass -->
        <test-method is-config="true" signature="startTest(java.lang.reflect.Method)[pri:0, instance:com.swaglabtest.testcases.MainPageLoginTest@32f61a31]" started-at="2026-09-02T20:04:26 IST" name="startTest" finished-at="2026-09-02T20:04:27 IST" duration-ms="23" status="PASS">
          <params>
            <param index="0">
              <value>
                <![CDATA[public void com.swaglabtest.testcases.MainPageLoginTest.UserLogingWithCredentials()]]>
              </value>
            </param>
          </params>
          <reporter-output>
          </reporter-output>
        </test-method> <!-- startTest -->
        <test-method is-config="true" signature="PageIninitialize(java.lang.reflect.Method)[pri:0, instance:com.swaglabtest.testcases.MainPageLoginTest@32f61a31]" started-at="2026-09-02T20:04:27 IST" name="PageIninitialize" finished-at="2026-09-02T20:04:27 IST" duration-ms="34" status="PASS">
          <params>
            <param index="0">
              <value>
                <![CDATA[public void com.swaglabtest.testcases.MainPageLoginTest.UserLogingWithCredentials()]]>
              </value>
            </param>
          </params>
          <reporter-output>
          </reporter-output>
        </test-method> <!-- PageIninitialize -->
        <test-method signature="UserLogingWithCredentials()[pri:1, instance:com.swaglabtest.testcases.MainPageLoginTest@32f61a31]" started-at="2026-09-02T20:04:27 IST" name="UserLogingWithCredentials" finished-at="2026-09-02T20:04:27 IST" duration-ms="74" status="PASS">
          <reporter-output>
          </reporter-output>
        </test-method> <!-- UserLogingWithCredentials -->
        <test-method is-config="true" signature="tearDownMethod(org.testng.ITestResult)[pri:0, instance:com.swaglabtest.testcases.MainPageLoginTest@32f61a31]" started-at="2026-09-02T20:04:27 IST" name="tearDownMethod" finished-at="2026-09-02T20:04:27 IST" duration-ms="2" status="PASS">
          <params>
            <param index="0">
              <value>
                <![CDATA[[TestResult name=UserLogingWithCredentials status=SUCCESS method=MainPageLoginTest.UserLogingWithCredentials()[pri:1, instance:com.swaglabtest.testcases.MainPageLoginTest@32f61a31] output={null}]]]>
              </value>
            </param>
          </params>
          <reporter-output>
          </reporter-output>
        </test-method> <!-- tearDownMethod -->
        <test-method is-config="true" signature="teardownClass()[pri:0, instance:com.swaglabtest.testcases.MainPageLoginTest@32f61a31]" started-at="2026-09-02T20:04:27 IST" name="teardownClass" finished-at="2026-09-02T20:04:27 IST" duration-ms="235" status="PASS">
          <reporter-output>
          </reporter-output>
        </test-method> <!-- teardownClass -->
      </class> <!-- com.swaglabtest.testcases.MainPageLoginTest -->
      <class name="com.swaglabtest.testcases.BrokenLinkTest">
        <test-method is-config="true" signature="setupClass(java.lang.String)[pri:0, instance:com.swaglabtest.testcases.BrokenLinkTest@30c0ccff]" started-at="2026-09-02T20:05:15 IST" name="setupClass" finished-at="2026-09-02T20:05:26 IST" duration-ms="11448" status="PASS">
          <params>
            <param index="0">
              <value>
                <![CDATA[chrome]]>
              </value>
            </param>
          </params>
          <reporter-output>
          </reporter-output>
        </test-method> <!-- setupClass -->
        <test-method is-config="true" signature="startTest(java.lang.reflect.Method)[pri:0, instance:com.swaglabtest.testcases.BrokenLinkTest@30c0ccff]" started-at="2026-09-02T20:05:26 IST" name="startTest" finished-at="2026-09-02T20:05:26 IST" duration-ms="2" status="PASS">
          <params>
            <param index="0">
              <value>
                <![CDATA[public void com.swaglabtest.testcases.BrokenLinkTest.brokenLinkTestLoginPage()]]>
              </value>
            </param>
          </params>
          <reporter-output>
          </reporter-output>
        </test-method> <!-- startTest -->
        <test-method is-config="true" signature="PageIninitialize(java.lang.reflect.Method)[pri:0, instance:com.swaglabtest.testcases.BrokenLinkTest@30c0ccff]" started-at="2026-09-02T20:05:26 IST" name="PageIninitialize" finished-at="2026-09-02T20:05:26 IST" duration-ms="1" status="PASS">
          <params>
            <param index="0">
              <value>
                <![CDATA[public void com.swaglabtest.testcases.BrokenLinkTest.brokenLinkTestLoginPage()]]>
              </value>
            </param>
          </params>
          <reporter-output>
          </reporter-output>
        </test-method> <!-- PageIninitialize -->
        <test-method signature="brokenLinkTestLoginPage()[pri:1, instance:com.swaglabtest.testcases.BrokenLinkTest@30c0ccff]" started-at="2026-09-02T20:05:26 IST" name="brokenLinkTestLoginPage" finished-at="2026-09-02T20:05:28 IST" duration-ms="1804" status="PASS">
          <reporter-output>
          </reporter-output>
        </test-method> <!-- brokenLinkTestLoginPage -->
        <test-method is-config="true" signature="tearDownMethod(org.testng.ITestResult)[pri:0, instance:com.swaglabtest.testcases.BrokenLinkTest@30c0ccff]" started-at="2026-09-02T20:05:28 IST" name="tearDownMethod" finished-at="2026-09-02T20:05:28 IST" duration-ms="1" status="PASS">
          <params>
            <param index="0">
              <value>
                <![CDATA[[TestResult name=brokenLinkTestLoginPage status=SUCCESS method=BrokenLinkTest.brokenLinkTestLoginPage()[pri:1, instance:com.swaglabtest.testcases.BrokenLinkTest@30c0ccff] output={null}]]]>
              </value>
            </param>
          </params>
          <reporter-output>
          </reporter-output>
        </test-method> <!-- tearDownMethod -->
        <test-method is-config="true" signature="startTest(java.lang.reflect.Method)[pri:0, instance:com.swaglabtest.testcases.BrokenLinkTest@30c0ccff]" started-at="2026-09-02T20:05:28 IST" name="startTest" finished-at="2026-09-02T20:05:28 IST" duration-ms="2" status="PASS">
          <params>
            <param index="0">
              <value>
                <![CDATA[public void com.swaglabtest.testcases.BrokenLinkTest.brokenLinkTestPurchasePage()]]>
              </value>
            </param>
          </params>
          <reporter-output>
          </reporter-output>
        </test-method> <!-- startTest -->
        <test-method is-config="true" signature="PageIninitialize(java.lang.reflect.Method)[pri:0, instance:com.swaglabtest.testcases.BrokenLinkTest@30c0ccff]" started-at="2026-09-02T20:05:28 IST" name="PageIninitialize" finished-at="2026-09-02T20:05:28 IST" duration-ms="1" status="PASS">
          <params>
            <param index="0">
              <value>
                <![CDATA[public void com.swaglabtest.testcases.BrokenLinkTest.brokenLinkTestPurchasePage()]]>
              </value>
            </param>
          </params>
          <reporter-output>
          </reporter-output>
        </test-method> <!-- PageIninitialize -->
        <test-method signature="brokenLinkTestPurchasePage()[pri:2, instance:com.swaglabtest.testcases.BrokenLinkTest@30c0ccff]" started-at="2026-09-02T20:05:28 IST" name="brokenLinkTestPurchasePage" finished-at="2026-09-02T20:05:29 IST" duration-ms="1031" status="PASS">
          <reporter-output>
          </reporter-output>
        </test-method> <!-- brokenLinkTestPurchasePage -->
        <test-method is-config="true" signature="tearDownMethod(org.testng.ITestResult)[pri:0, instance:com.swaglabtest.testcases.BrokenLinkTest@30c0ccff]" started-at="2026-09-02T20:05:29 IST" name="tearDownMethod" finished-at="2026-09-02T20:05:29 IST" duration-ms="1" status="PASS">
          <params>
            <param index="0">
              <value>
                <![CDATA[[TestResult name=brokenLinkTestPurchasePage status=SUCCESS method=BrokenLinkTest.brokenLinkTestPurchasePage()[pri:2, instance:com.swaglabtest.testcases.BrokenLinkTest@30c0ccff] output={null}]]]>
              </value>
            </param>
          </params>
          <reporter-output>
          </reporter-output>
        </test-method> <!-- tearDownMethod -->
        <test-method is-config="true" signature="teardownClass()[pri:0, instance:com.swaglabtest.testcases.BrokenLinkTest@30c0ccff]" started-at="2026-09-02T20:05:29 IST" name="teardownClass" finished-at="2026-09-02T20:05:29 IST" duration-ms="236" status="PASS">
          <reporter-output>
          </reporter-output>
        </test-method> <!-- teardownClass -->
      </class> <!-- com.swaglabtest.testcases.BrokenLinkTest -->
      <class name="com.swaglabtest.testcases.SeccurityTest">
        <test-method is-config="true" signature="setupClass(java.lang.String)[pri:0, instance:com.swaglabtest.testcases.SeccurityTest@581d969c]" started-at="2026-09-02T20:05:29 IST" name="setupClass" finished-at="2026-09-02T20:05:42 IST" duration-ms="12746" status="PASS">
          <params>
            <param index="0">
              <value>
                <![CDATA[chrome]]>
              </value>
            </param>
          </params>
          <reporter-output>
          </reporter-output>
        </test-method> <!-- setupClass -->
        <test-method is-config="true" signature="startTest(java.lang.reflect.Method)[pri:0, instance:com.swaglabtest.testcases.SeccurityTest@581d969c]" started-at="2026-09-02T20:05:42 IST" name="startTest" finished-at="2026-09-02T20:05:42 IST" duration-ms="2" status="PASS">
          <params>
            <param index="0">
              <value>
                <![CDATA[public void com.swaglabtest.testcases.SeccurityTest.VerifyWithoutLogin()]]>
              </value>
            </param>
          </params>
          <reporter-output>
          </reporter-output>
        </test-method> <!-- startTest -->
        <test-method is-config="true" signature="PageIninitialize(java.lang.reflect.Method)[pri:0, instance:com.swaglabtest.testcases.SeccurityTest@581d969c]" started-at="2026-09-02T20:05:42 IST" name="PageIninitialize" finished-at="2026-09-02T20:05:42 IST" duration-ms="3" status="PASS">
          <params>
            <param index="0">
              <value>
                <![CDATA[public void com.swaglabtest.testcases.SeccurityTest.VerifyWithoutLogin()]]>
              </value>
            </param>
          </params>
          <reporter-output>
          </reporter-output>
        </test-method> <!-- PageIninitialize -->
        <test-method signature="VerifyWithoutLogin()[pri:1, instance:com.swaglabtest.testcases.SeccurityTest@581d969c]" started-at="2026-09-02T20:05:42 IST" name="VerifyWithoutLogin" finished-at="2026-09-02T20:05:42 IST" duration-ms="363" status="PASS">
          <reporter-output>
          </reporter-output>
        </test-method> <!-- VerifyWithoutLogin -->
        <test-method is-config="true" signature="tearDownMethod(org.testng.ITestResult)[pri:0, instance:com.swaglabtest.testcases.SeccurityTest@581d969c]" started-at="2026-09-02T20:05:42 IST" name="tearDownMethod" finished-at="2026-09-02T20:05:42 IST" duration-ms="1" status="PASS">
          <params>
            <param index="0">
              <value>
                <![CDATA[[TestResult name=VerifyWithoutLogin status=SUCCESS method=SeccurityTest.VerifyWithoutLogin()[pri:1, instance:com.swaglabtest.testcases.SeccurityTest@581d969c] output={null}]]]>
              </value>
            </param>
          </params>
          <reporter-output>
          </reporter-output>
        </test-method> <!-- tearDownMethod -->
        <test-method is-config="true" signature="startTest(java.lang.reflect.Method)[pri:0, instance:com.swaglabtest.testcases.SeccurityTest@581d969c]" started-at="2026-09-02T20:05:42 IST" name="startTest" finished-at="2026-09-02T20:05:42 IST" duration-ms="1" status="PASS">
          <params>
            <param index="0">
              <value>
                <![CDATA[public void com.swaglabtest.testcases.SeccurityTest.checkLogoutUser()]]>
              </value>
            </param>
          </params>
          <reporter-output>
          </reporter-output>
        </test-method> <!-- startTest -->
        <test-method is-config="true" signature="PageIninitialize(java.lang.reflect.Method)[pri:0, instance:com.swaglabtest.testcases.SeccurityTest@581d969c]" started-at="2026-09-02T20:05:42 IST" name="PageIninitialize" finished-at="2026-09-02T20:05:42 IST" duration-ms="1" status="PASS">
          <params>
            <param index="0">
              <value>
                <![CDATA[public void com.swaglabtest.testcases.SeccurityTest.checkLogoutUser()]]>
              </value>
            </param>
          </params>
          <reporter-output>
          </reporter-output>
        </test-method> <!-- PageIninitialize -->
        <test-method signature="checkLogoutUser()[pri:2, instance:com.swaglabtest.testcases.SeccurityTest@581d969c]" started-at="2026-09-02T20:05:42 IST" name="checkLogoutUser" finished-at="2026-09-02T20:05:43 IST" duration-ms="541" status="PASS">
          <reporter-output>
          </reporter-output>
        </test-method> <!-- checkLogoutUser -->
        <test-method is-config="true" signature="tearDownMethod(org.testng.ITestResult)[pri:0, instance:com.swaglabtest.testcases.SeccurityTest@581d969c]" started-at="2026-09-02T20:05:43 IST" name="tearDownMethod" finished-at="2026-09-02T20:05:43 IST" duration-ms="2" status="PASS">
          <params>
            <param index="0">
              <value>
                <![CDATA[[TestResult name=checkLogoutUser status=SUCCESS method=SeccurityTest.checkLogoutUser()[pri:2, instance:com.swaglabtest.testcases.SeccurityTest@581d969c] output={null}]]]>
              </value>
            </param>
          </params>
          <reporter-output>
          </reporter-output>
        </test-method> <!-- tearDownMethod -->
        <test-method is-config="true" signature="teardownClass()[pri:0, instance:com.swaglabtest.testcases.SeccurityTest@581d969c]" started-at="2026-09-02T20:05:43 IST" name="teardownClass" finished-at="2026-09-02T20:05:43 IST" duration-ms="146" status="PASS">
          <reporter-output>
          </reporter-output>
        </test-method> <!-- teardownClass -->
      </class> <!-- com.swaglabtest.testcases.SeccurityTest -->
    </test> <!-- Testchrome -->
    <test started-at="2026-09-02T20:05:43 IST" name="Testfirefox" finished-at="2026-09-02T20:06:57 IST" duration-ms="73464">
      <class name="com.swaglabtest.testcases.NewPurchaseTest">
        <test-method is-config="true" signature="setupClass(java.lang.String)[pri:0, instance:com.swaglabtest.testcases.NewPurchaseTest@7577b641]" started-at="2026-09-02T20:05:55 IST" name="setupClass" finished-at="2026-09-02T20:06:01 IST" duration-ms="5897" status="PASS">
          <params>
            <param index="0">
              <value>
                <![CDATA[firefox]]>
              </value>
            </param>
          </params>
          <reporter-output>
          </reporter-output>
        </test-method> <!-- setupClass -->
        <test-method is-config="true" signature="startTest(java.lang.reflect.Method)[pri:0, instance:com.swaglabtest.testcases.NewPurchaseTest@7577b641]" started-at="2026-09-02T20:06:01 IST" name="startTest" finished-at="2026-09-02T20:06:01 IST" duration-ms="1" status="PASS">
          <params>
            <param index="0">
              <value>
                <![CDATA[public void com.swaglabtest.testcases.NewPurchaseTest.newPurchasing()]]>
              </value>
            </param>
          </params>
          <reporter-output>
          </reporter-output>
        </test-method> <!-- startTest -->
        <test-method is-config="true" signature="PageIninitialize(java.lang.reflect.Method)[pri:0, instance:com.swaglabtest.testcases.NewPurchaseTest@7577b641]" started-at="2026-09-02T20:06:01 IST" name="PageIninitialize" finished-at="2026-09-02T20:06:01 IST" duration-ms="778" status="PASS">
          <params>
            <param index="0">
              <value>
                <![CDATA[public void com.swaglabtest.testcases.NewPurchaseTest.newPurchasing()]]>
              </value>
            </param>
          </params>
          <reporter-output>
          </reporter-output>
        </test-method> <!-- PageIninitialize -->
        <test-method signature="newPurchasing()[pri:1, instance:com.swaglabtest.testcases.NewPurchaseTest@7577b641]" started-at="2026-09-02T20:06:01 IST" name="newPurchasing" finished-at="2026-09-02T20:06:35 IST" duration-ms="33335" status="PASS">
          <reporter-output>
          </reporter-output>
        </test-method> <!-- newPurchasing -->
        <test-method is-config="true" signature="tearDownMethod(org.testng.ITestResult)[pri:0, instance:com.swaglabtest.testcases.NewPurchaseTest@7577b641]" started-at="2026-09-02T20:06:35 IST" name="tearDownMethod" finished-at="2026-09-02T20:06:35 IST" duration-ms="1" status="PASS">
          <params>
            <param index="0">
              <value>
                <![CDATA[[TestResult name=newPurchasing status=SUCCESS method=NewPurchaseTest.newPurchasing()[pri:1, instance:com.swaglabtest.testcases.NewPurchaseTest@7577b641] output={null}]]]>
              </value>
            </param>
          </params>
          <reporter-output>
          </reporter-output>
        </test-method> <!-- tearDownMethod -->
        <test-method is-config="true" signature="startTest(java.lang.reflect.Method)[pri:0, instance:com.swaglabtest.testcases.NewPurchaseTest@7577b641]" started-at="2026-09-02T20:06:35 IST" name="startTest" finished-at="2026-09-02T20:06:35 IST" duration-ms="1" status="PASS">
          <params>
            <param index="0">
              <value>
                <![CDATA[public void com.swaglabtest.testcases.NewPurchaseTest.sortOrderAscending()]]>
              </value>
            </param>
          </params>
          <reporter-output>
          </reporter-output>
        </test-method> <!-- startTest -->
        <test-method is-config="true" signature="PageIninitialize(java.lang.reflect.Method)[pri:0, instance:com.swaglabtest.testcases.NewPurchaseTest@7577b641]" started-at="2026-09-02T20:06:35 IST" name="PageIninitialize" finished-at="2026-09-02T20:06:35 IST" duration-ms="1" status="PASS">
          <params>
            <param index="0">
              <value>
                <![CDATA[public void com.swaglabtest.testcases.NewPurchaseTest.sortOrderAscending()]]>
              </value>
            </param>
          </params>
          <reporter-output>
          </reporter-output>
        </test-method> <!-- PageIninitialize -->
        <test-method signature="sortOrderAscending()[pri:2, instance:com.swaglabtest.testcases.NewPurchaseTest@7577b641]" started-at="2026-09-02T20:06:35 IST" name="sortOrderAscending" finished-at="2026-09-02T20:06:35 IST" duration-ms="178" status="PASS">
          <reporter-output>
          </reporter-output>
        </test-method> <!-- sortOrderAscending -->
        <test-method is-config="true" signature="tearDownMethod(org.testng.ITestResult)[pri:0, instance:com.swaglabtest.testcases.NewPurchaseTest@7577b641]" started-at="2026-09-02T20:06:35 IST" name="tearDownMethod" finished-at="2026-09-02T20:06:35 IST" duration-ms="0" status="PASS">
          <params>
            <param index="0">
              <value>
                <![CDATA[[TestResult name=sortOrderAscending status=SUCCESS method=NewPurchaseTest.sortOrderAscending()[pri:2, instance:com.swaglabtest.testcases.NewPurchaseTest@7577b641] output={null}]]]>
              </value>
            </param>
          </params>
          <reporter-output>
          </reporter-output>
        </test-method> <!-- tearDownMethod -->
        <test-method is-config="true" signature="startTest(java.lang.reflect.Method)[pri:0, instance:com.swaglabtest.testcases.NewPurchaseTest@7577b641]" started-at="2026-09-02T20:06:35 IST" name="startTest" finished-at="2026-09-02T20:06:35 IST" duration-ms="2" status="PASS">
          <params>
            <param index="0">
              <value>
                <![CDATA[public void com.swaglabtest.testcases.NewPurchaseTest.sortOrderDescending()]]>
              </value>
            </param>
          </params>
          <reporter-output>
          </reporter-output>
        </test-method> <!-- startTest -->
        <test-method is-config="true" signature="PageIninitialize(java.lang.reflect.Method)[pri:0, instance:com.swaglabtest.testcases.NewPurchaseTest@7577b641]" started-at="2026-09-02T20:06:35 IST" name="PageIninitialize" finished-at="2026-09-02T20:06:35 IST" duration-ms="2" status="PASS">
          <params>
            <param index="0">
              <value>
                <![CDATA[public void com.swaglabtest.testcases.NewPurchaseTest.sortOrderDescending()]]>
              </value>
            </param>
          </params>
          <reporter-output>
          </reporter-output>
        </test-method> <!-- PageIninitialize -->
        <test-method signature="sortOrderDescending()[pri:3, instance:com.swaglabtest.testcases.NewPurchaseTest@7577b641]" started-at="2026-09-02T20:06:35 IST" name="sortOrderDescending" finished-at="2026-09-02T20:06:35 IST" duration-ms="231" status="PASS">
          <reporter-output>
          </reporter-output>
        </test-method> <!-- sortOrderDescending -->
        <test-method is-config="true" signature="tearDownMethod(org.testng.ITestResult)[pri:0, instance:com.swaglabtest.testcases.NewPurchaseTest@7577b641]" started-at="2026-09-02T20:06:35 IST" name="tearDownMethod" finished-at="2026-09-02T20:06:35 IST" duration-ms="1" status="PASS">
          <params>
            <param index="0">
              <value>
                <![CDATA[[TestResult name=sortOrderDescending status=SUCCESS method=NewPurchaseTest.sortOrderDescending()[pri:3, instance:com.swaglabtest.testcases.NewPurchaseTest@7577b641] output={null}]]]>
              </value>
            </param>
          </params>
          <reporter-output>
          </reporter-output>
        </test-method> <!-- tearDownMethod -->
        <test-method is-config="true" signature="startTest(java.lang.reflect.Method)[pri:0, instance:com.swaglabtest.testcases.NewPurchaseTest@7577b641]" started-at="2026-09-02T20:06:35 IST" name="startTest" finished-at="2026-09-02T20:06:35 IST" duration-ms="1" status="PASS">
          <params>
            <param index="0">
              <value>
                <![CDATA[public void com.swaglabtest.testcases.NewPurchaseTest.lowerToHighPriceListDown()]]>
              </value>
            </param>
          </params>
          <reporter-output>
          </reporter-output>
        </test-method> <!-- startTest -->
        <test-method is-config="true" signature="PageIninitialize(java.lang.reflect.Method)[pri:0, instance:com.swaglabtest.testcases.NewPurchaseTest@7577b641]" started-at="2026-09-02T20:06:35 IST" name="PageIninitialize" finished-at="2026-09-02T20:06:35 IST" duration-ms="2" status="PASS">
          <params>
            <param index="0">
              <value>
                <![CDATA[public void com.swaglabtest.testcases.NewPurchaseTest.lowerToHighPriceListDown()]]>
              </value>
            </param>
          </params>
          <reporter-output>
          </reporter-output>
        </test-method> <!-- PageIninitialize -->
        <test-method signature="lowerToHighPriceListDown()[pri:4, instance:com.swaglabtest.testcases.NewPurchaseTest@7577b641]" started-at="2026-09-02T20:06:35 IST" name="lowerToHighPriceListDown" finished-at="2026-09-02T20:06:35 IST" duration-ms="232" status="PASS">
          <reporter-output>
          </reporter-output>
        </test-method> <!-- lowerToHighPriceListDown -->
        <test-method is-config="true" signature="tearDownMethod(org.testng.ITestResult)[pri:0, instance:com.swaglabtest.testcases.NewPurchaseTest@7577b641]" started-at="2026-09-02T20:06:35 IST" name="tearDownMethod" finished-at="2026-09-02T20:06:35 IST" duration-ms="2" status="PASS">
          <params>
            <param index="0">
              <value>
                <![CDATA[[TestResult name=lowerToHighPriceListDown status=SUCCESS method=NewPurchaseTest.lowerToHighPriceListDown()[pri:4, instance:com.swaglabtest.testcases.NewPurchaseTest@7577b641] output={null}]]]>
              </value>
            </param>
          </params>
          <reporter-output>
          </reporter-output>
        </test-method> <!-- tearDownMethod -->
        <test-method is-config="true" signature="startTest(java.lang.reflect.Method)[pri:0, instance:com.swaglabtest.testcases.NewPurchaseTest@7577b641]" started-at="2026-09-02T20:06:35 IST" name="startTest" finished-at="2026-09-02T20:06:35 IST" duration-ms="1" status="PASS">
          <params>
            <param index="0">
              <value>
                <![CDATA[public void com.swaglabtest.testcases.NewPurchaseTest.highToLowerPriceListDown()]]>
              </value>
            </param>
          </params>
          <reporter-output>
          </reporter-output>
        </test-method> <!-- startTest -->
        <test-method is-config="true" signature="PageIninitialize(java.lang.reflect.Method)[pri:0, instance:com.swaglabtest.testcases.NewPurchaseTest@7577b641]" started-at="2026-09-02T20:06:35 IST" name="PageIninitialize" finished-at="2026-09-02T20:06:35 IST" duration-ms="1" status="PASS">
          <params>
            <param index="0">
              <value>
                <![CDATA[public void com.swaglabtest.testcases.NewPurchaseTest.highToLowerPriceListDown()]]>
              </value>
            </param>
          </params>
          <reporter-output>
          </reporter-output>
        </test-method> <!-- PageIninitialize -->
        <test-method signature="highToLowerPriceListDown()[pri:5, instance:com.swaglabtest.testcases.NewPurchaseTest@7577b641]" started-at="2026-09-02T20:06:35 IST" name="highToLowerPriceListDown" finished-at="2026-09-02T20:06:36 IST" duration-ms="232" status="PASS">
          <reporter-output>
          </reporter-output>
        </test-method> <!-- highToLowerPriceListDown -->
        <test-method is-config="true" signature="tearDownMethod(org.testng.ITestResult)[pri:0, instance:com.swaglabtest.testcases.NewPurchaseTest@7577b641]" started-at="2026-09-02T20:06:36 IST" name="tearDownMethod" finished-at="2026-09-02T20:06:36 IST" duration-ms="1" status="PASS">
          <params>
            <param index="0">
              <value>
                <![CDATA[[TestResult name=highToLowerPriceListDown status=SUCCESS method=NewPurchaseTest.highToLowerPriceListDown()[pri:5, instance:com.swaglabtest.testcases.NewPurchaseTest@7577b641] output={null}]]]>
              </value>
            </param>
          </params>
          <reporter-output>
          </reporter-output>
        </test-method> <!-- tearDownMethod -->
        <test-method is-config="true" signature="teardownClass()[pri:0, instance:com.swaglabtest.testcases.NewPurchaseTest@7577b641]" started-at="2026-09-02T20:06:36 IST" name="teardownClass" finished-at="2026-09-02T20:06:37 IST" duration-ms="1203" status="PASS">
          <reporter-output>
          </reporter-output>
        </test-method> <!-- teardownClass -->
      </class> <!-- com.swaglabtest.testcases.NewPurchaseTest -->
      <class name="com.swaglabtest.testcases.MainPageLoginTest">
        <test-method is-config="true" signature="setupSuite()[pri:0, instance:com.swaglabtest.testcases.MainPageLoginTest@2fa7ae9]" started-at="2026-09-02T20:04:09 IST" name="setupSuite" finished-at="2026-09-02T20:04:11 IST" duration-ms="1855" status="PASS">
          <reporter-output>
          </reporter-output>
        </test-method> <!-- setupSuite -->
        <test-method is-config="true" signature="setupClass(java.lang.String)[pri:0, instance:com.swaglabtest.testcases.MainPageLoginTest@2fa7ae9]" started-at="2026-09-02T20:05:43 IST" name="setupClass" finished-at="2026-09-02T20:05:53 IST" duration-ms="9514" status="PASS">
          <params>
            <param index="0">
              <value>
                <![CDATA[firefox]]>
              </value>
            </param>
          </params>
          <reporter-output>
          </reporter-output>
        </test-method> <!-- setupClass -->
        <test-method is-config="true" signature="startTest(java.lang.reflect.Method)[pri:0, instance:com.swaglabtest.testcases.MainPageLoginTest@2fa7ae9]" started-at="2026-09-02T20:05:53 IST" name="startTest" finished-at="2026-09-02T20:05:53 IST" duration-ms="1" status="PASS">
          <params>
            <param index="0">
              <value>
                <![CDATA[public void com.swaglabtest.testcases.MainPageLoginTest.UserLogingWithCredentials()]]>
              </value>
            </param>
          </params>
          <reporter-output>
          </reporter-output>
        </test-method> <!-- startTest -->
        <test-method is-config="true" signature="PageIninitialize(java.lang.reflect.Method)[pri:0, instance:com.swaglabtest.testcases.MainPageLoginTest@2fa7ae9]" started-at="2026-09-02T20:05:53 IST" name="PageIninitialize" finished-at="2026-09-02T20:05:53 IST" duration-ms="2" status="PASS">
          <params>
            <param index="0">
              <value>
                <![CDATA[public void com.swaglabtest.testcases.MainPageLoginTest.UserLogingWithCredentials()]]>
              </value>
            </param>
          </params>
          <reporter-output>
          </reporter-output>
        </test-method> <!-- PageIninitialize -->
        <test-method signature="UserLogingWithCredentials()[pri:1, instance:com.swaglabtest.testcases.MainPageLoginTest@2fa7ae9]" started-at="2026-09-02T20:05:53 IST" name="UserLogingWithCredentials" finished-at="2026-09-02T20:05:53 IST" duration-ms="6" status="PASS">
          <reporter-output>
          </reporter-output>
        </test-method> <!-- UserLogingWithCredentials -->
        <test-method is-config="true" signature="tearDownMethod(org.testng.ITestResult)[pri:0, instance:com.swaglabtest.testcases.MainPageLoginTest@2fa7ae9]" started-at="2026-09-02T20:05:53 IST" name="tearDownMethod" finished-at="2026-09-02T20:05:53 IST" duration-ms="2" status="PASS">
          <params>
            <param index="0">
              <value>
                <![CDATA[[TestResult name=UserLogingWithCredentials status=SUCCESS method=MainPageLoginTest.UserLogingWithCredentials()[pri:1, instance:com.swaglabtest.testcases.MainPageLoginTest@2fa7ae9] output={null}]]]>
              </value>
            </param>
          </params>
          <reporter-output>
          </reporter-output>
        </test-method> <!-- tearDownMethod -->
        <test-method is-config="true" signature="teardownClass()[pri:0, instance:com.swaglabtest.testcases.MainPageLoginTest@2fa7ae9]" started-at="2026-09-02T20:05:53 IST" name="teardownClass" finished-at="2026-09-02T20:05:55 IST" duration-ms="1990" status="PASS">
          <reporter-output>
          </reporter-output>
        </test-method> <!-- teardownClass -->
        <test-method is-config="true" signature="teardownSuite()[pri:0, instance:com.swaglabtest.testcases.MainPageLoginTest@2fa7ae9]" started-at="2026-09-02T20:06:57 IST" name="teardownSuite" finished-at="2026-09-02T20:06:57 IST" duration-ms="797" status="PASS">
          <reporter-output>
          </reporter-output>
        </test-method> <!-- teardownSuite -->
      </class> <!-- com.swaglabtest.testcases.MainPageLoginTest -->
      <class name="com.swaglabtest.testcases.BrokenLinkTest">
        <test-method is-config="true" signature="setupClass(java.lang.String)[pri:0, instance:com.swaglabtest.testcases.BrokenLinkTest@3704122f]" started-at="2026-09-02T20:06:37 IST" name="setupClass" finished-at="2026-09-02T20:06:43 IST" duration-ms="6668" status="PASS">
          <params>
            <param index="0">
              <value>
                <![CDATA[firefox]]>
              </value>
            </param>
          </params>
          <reporter-output>
          </reporter-output>
        </test-method> <!-- setupClass -->
        <test-method is-config="true" signature="startTest(java.lang.reflect.Method)[pri:0, instance:com.swaglabtest.testcases.BrokenLinkTest@3704122f]" started-at="2026-09-02T20:06:43 IST" name="startTest" finished-at="2026-09-02T20:06:43 IST" duration-ms="1" status="PASS">
          <params>
            <param index="0">
              <value>
                <![CDATA[public void com.swaglabtest.testcases.BrokenLinkTest.brokenLinkTestLoginPage()]]>
              </value>
            </param>
          </params>
          <reporter-output>
          </reporter-output>
        </test-method> <!-- startTest -->
        <test-method is-config="true" signature="PageIninitialize(java.lang.reflect.Method)[pri:0, instance:com.swaglabtest.testcases.BrokenLinkTest@3704122f]" started-at="2026-09-02T20:06:43 IST" name="PageIninitialize" finished-at="2026-09-02T20:06:43 IST" duration-ms="1" status="PASS">
          <params>
            <param index="0">
              <value>
                <![CDATA[public void com.swaglabtest.testcases.BrokenLinkTest.brokenLinkTestLoginPage()]]>
              </value>
            </param>
          </params>
          <reporter-output>
          </reporter-output>
        </test-method> <!-- PageIninitialize -->
        <test-method signature="brokenLinkTestLoginPage()[pri:1, instance:com.swaglabtest.testcases.BrokenLinkTest@3704122f]" started-at="2026-09-02T20:06:43 IST" name="brokenLinkTestLoginPage" finished-at="2026-09-02T20:06:45 IST" duration-ms="1360" status="PASS">
          <reporter-output>
          </reporter-output>
        </test-method> <!-- brokenLinkTestLoginPage -->
        <test-method is-config="true" signature="tearDownMethod(org.testng.ITestResult)[pri:0, instance:com.swaglabtest.testcases.BrokenLinkTest@3704122f]" started-at="2026-09-02T20:06:45 IST" name="tearDownMethod" finished-at="2026-09-02T20:06:45 IST" duration-ms="1" status="PASS">
          <params>
            <param index="0">
              <value>
                <![CDATA[[TestResult name=brokenLinkTestLoginPage status=SUCCESS method=BrokenLinkTest.brokenLinkTestLoginPage()[pri:1, instance:com.swaglabtest.testcases.BrokenLinkTest@3704122f] output={null}]]]>
              </value>
            </param>
          </params>
          <reporter-output>
          </reporter-output>
        </test-method> <!-- tearDownMethod -->
        <test-method is-config="true" signature="startTest(java.lang.reflect.Method)[pri:0, instance:com.swaglabtest.testcases.BrokenLinkTest@3704122f]" started-at="2026-09-02T20:06:45 IST" name="startTest" finished-at="2026-09-02T20:06:45 IST" duration-ms="1" status="PASS">
          <params>
            <param index="0">
              <value>
                <![CDATA[public void com.swaglabtest.testcases.BrokenLinkTest.brokenLinkTestPurchasePage()]]>
              </value>
            </param>
          </params>
          <reporter-output>
          </reporter-output>
        </test-method> <!-- startTest -->
        <test-method is-config="true" signature="PageIninitialize(java.lang.reflect.Method)[pri:0, instance:com.swaglabtest.testcases.BrokenLinkTest@3704122f]" started-at="2026-09-02T20:06:45 IST" name="PageIninitialize" finished-at="2026-09-02T20:06:45 IST" duration-ms="1" status="PASS">
          <params>
            <param index="0">
              <value>
                <![CDATA[public void com.swaglabtest.testcases.BrokenLinkTest.brokenLinkTestPurchasePage()]]>
              </value>
            </param>
          </params>
          <reporter-output>
          </reporter-output>
        </test-method> <!-- PageIninitialize -->
        <test-method signature="brokenLinkTestPurchasePage()[pri:2, instance:com.swaglabtest.testcases.BrokenLinkTest@3704122f]" started-at="2026-09-02T20:06:45 IST" name="brokenLinkTestPurchasePage" finished-at="2026-09-02T20:06:46 IST" duration-ms="990" status="PASS">
          <reporter-output>
          </reporter-output>
        </test-method> <!-- brokenLinkTestPurchasePage -->
        <test-method is-config="true" signature="tearDownMethod(org.testng.ITestResult)[pri:0, instance:com.swaglabtest.testcases.BrokenLinkTest@3704122f]" started-at="2026-09-02T20:06:46 IST" name="tearDownMethod" finished-at="2026-09-02T20:06:46 IST" duration-ms="2" status="PASS">
          <params>
            <param index="0">
              <value>
                <![CDATA[[TestResult name=brokenLinkTestPurchasePage status=SUCCESS method=BrokenLinkTest.brokenLinkTestPurchasePage()[pri:2, instance:com.swaglabtest.testcases.BrokenLinkTest@3704122f] output={null}]]]>
              </value>
            </param>
          </params>
          <reporter-output>
          </reporter-output>
        </test-method> <!-- tearDownMethod -->
        <test-method is-config="true" signature="teardownClass()[pri:0, instance:com.swaglabtest.testcases.BrokenLinkTest@3704122f]" started-at="2026-09-02T20:06:46 IST" name="teardownClass" finished-at="2026-09-02T20:06:48 IST" duration-ms="1882" status="PASS">
          <reporter-output>
          </reporter-output>
        </test-method> <!-- teardownClass -->
      </class> <!-- com.swaglabtest.testcases.BrokenLinkTest -->
      <class name="com.swaglabtest.testcases.SeccurityTest">
        <test-method is-config="true" signature="setupClass(java.lang.String)[pri:0, instance:com.swaglabtest.testcases.SeccurityTest@3153ddfc]" started-at="2026-09-02T20:06:48 IST" name="setupClass" finished-at="2026-09-02T20:06:54 IST" duration-ms="6424" status="PASS">
          <params>
            <param index="0">
              <value>
                <![CDATA[firefox]]>
              </value>
            </param>
          </params>
          <reporter-output>
          </reporter-output>
        </test-method> <!-- setupClass -->
        <test-method is-config="true" signature="startTest(java.lang.reflect.Method)[pri:0, instance:com.swaglabtest.testcases.SeccurityTest@3153ddfc]" started-at="2026-09-02T20:06:54 IST" name="startTest" finished-at="2026-09-02T20:06:54 IST" duration-ms="1" status="PASS">
          <params>
            <param index="0">
              <value>
                <![CDATA[public void com.swaglabtest.testcases.SeccurityTest.VerifyWithoutLogin()]]>
              </value>
            </param>
          </params>
          <reporter-output>
          </reporter-output>
        </test-method> <!-- startTest -->
        <test-method is-config="true" signature="PageIninitialize(java.lang.reflect.Method)[pri:0, instance:com.swaglabtest.testcases.SeccurityTest@3153ddfc]" started-at="2026-09-02T20:06:54 IST" name="PageIninitialize" finished-at="2026-09-02T20:06:54 IST" duration-ms="1" status="PASS">
          <params>
            <param index="0">
              <value>
                <![CDATA[public void com.swaglabtest.testcases.SeccurityTest.VerifyWithoutLogin()]]>
              </value>
            </param>
          </params>
          <reporter-output>
          </reporter-output>
        </test-method> <!-- PageIninitialize -->
        <test-method signature="VerifyWithoutLogin()[pri:1, instance:com.swaglabtest.testcases.SeccurityTest@3153ddfc]" started-at="2026-09-02T20:06:54 IST" name="VerifyWithoutLogin" finished-at="2026-09-02T20:06:55 IST" duration-ms="652" status="PASS">
          <reporter-output>
          </reporter-output>
        </test-method> <!-- VerifyWithoutLogin -->
        <test-method is-config="true" signature="tearDownMethod(org.testng.ITestResult)[pri:0, instance:com.swaglabtest.testcases.SeccurityTest@3153ddfc]" started-at="2026-09-02T20:06:55 IST" name="tearDownMethod" finished-at="2026-09-02T20:06:55 IST" duration-ms="1" status="PASS">
          <params>
            <param index="0">
              <value>
                <![CDATA[[TestResult name=VerifyWithoutLogin status=SUCCESS method=SeccurityTest.VerifyWithoutLogin()[pri:1, instance:com.swaglabtest.testcases.SeccurityTest@3153ddfc] output={null}]]]>
              </value>
            </param>
          </params>
          <reporter-output>
          </reporter-output>
        </test-method> <!-- tearDownMethod -->
        <test-method is-config="true" signature="startTest(java.lang.reflect.Method)[pri:0, instance:com.swaglabtest.testcases.SeccurityTest@3153ddfc]" started-at="2026-09-02T20:06:55 IST" name="startTest" finished-at="2026-09-02T20:06:55 IST" duration-ms="1" status="PASS">
          <params>
            <param index="0">
              <value>
                <![CDATA[public void com.swaglabtest.testcases.SeccurityTest.checkLogoutUser()]]>
              </value>
            </param>
          </params>
          <reporter-output>
          </reporter-output>
        </test-method> <!-- startTest -->
        <test-method is-config="true" signature="PageIninitialize(java.lang.reflect.Method)[pri:0, instance:com.swaglabtest.testcases.SeccurityTest@3153ddfc]" started-at="2026-09-02T20:06:55 IST" name="PageIninitialize" finished-at="2026-09-02T20:06:55 IST" duration-ms="1" status="PASS">
          <params>
            <param index="0">
              <value>
                <![CDATA[public void com.swaglabtest.testcases.SeccurityTest.checkLogoutUser()]]>
              </value>
            </param>
          </params>
          <reporter-output>
          </reporter-output>
        </test-method> <!-- PageIninitialize -->
        <test-method signature="checkLogoutUser()[pri:2, instance:com.swaglabtest.testcases.SeccurityTest@3153ddfc]" started-at="2026-09-02T20:06:55 IST" name="checkLogoutUser" finished-at="2026-09-02T20:06:55 IST" duration-ms="575" status="PASS">
          <reporter-output>
          </reporter-output>
        </test-method> <!-- checkLogoutUser -->
        <test-method is-config="true" signature="tearDownMethod(org.testng.ITestResult)[pri:0, instance:com.swaglabtest.testcases.SeccurityTest@3153ddfc]" started-at="2026-09-02T20:06:55 IST" name="tearDownMethod" finished-at="2026-09-02T20:06:55 IST" duration-ms="1" status="PASS">
          <params>
            <param index="0">
              <value>
                <![CDATA[[TestResult name=checkLogoutUser status=SUCCESS method=SeccurityTest.checkLogoutUser()[pri:2, instance:com.swaglabtest.testcases.SeccurityTest@3153ddfc] output={null}]]]>
              </value>
            </param>
          </params>
          <reporter-output>
          </reporter-output>
        </test-method> <!-- tearDownMethod -->
        <test-method is-config="true" signature="teardownClass()[pri:0, instance:com.swaglabtest.testcases.SeccurityTest@3153ddfc]" started-at="2026-09-02T20:06:55 IST" name="teardownClass" finished-at="2026-09-02T20:06:57 IST" duration-ms="1134" status="PASS">
          <reporter-output>
          </reporter-output>
        </test-method> <!-- teardownClass -->
      </class> <!-- com.swaglabtest.testcases.SeccurityTest -->
    </test> <!-- Testfirefox -->
  </suite> <!-- Suite -->
</testng-results>
