<?xml version="1.0" encoding="UTF-8"?>
<!-- Generated by org.testng.reporters.JUnitReportReporter -->
<testsuite hostname="Thilan" failures="0" tests="2" name="com.swaglabtest.testcases.MainPageLoginTest" time="0.144" errors="0" timestamp="2026-09-02T20:06:58 IST" skipped="0">
  <testcase classname="com.swaglabtest.testcases.MainPageLoginTest" name="UserLogingWithCredentials" time="0.011"/>
  <testcase classname="com.swaglabtest.testcases.MainPageLoginTest" name="UserLogingWithCredentials" time="0.133"/>
</testsuite> <!-- com.swaglabtest.testcases.MainPageLoginTest -->
