<?xml version="1.0" encoding="UTF-8"?>
<!-- Generated by org.testng.reporters.JUnitReportReporter -->
<testsuite hostname="Thilan" failures="0" tests="4" name="com.swaglabtest.testcases.BrokenLinkTest" time="5.200" errors="0" timestamp="2026-09-02T20:06:58 IST" skipped="0">
  <testcase classname="com.swaglabtest.testcases.BrokenLinkTest" name="brokenLinkTestLoginPage" time="1.808"/>
  <testcase classname="com.swaglabtest.testcases.BrokenLinkTest" name="brokenLinkTestLoginPage" time="1.363"/>
  <testcase classname="com.swaglabtest.testcases.BrokenLinkTest" name="brokenLinkTestPurchasePage" time="1.035"/>
  <testcase classname="com.swaglabtest.testcases.BrokenLinkTest" name="brokenLinkTestPurchasePage" time="0.994"/>
</testsuite> <!-- com.swaglabtest.testcases.BrokenLinkTest -->
